g++ -I. -g -std=c++11 -Wall -Wextra -Werror -pthread -O *.cpp -lgtest -o run.tests
hiker.c: In function 'answer':
hiker.c:5:18: error: 'x' undeclared (first use in this function)
     return 6 * 9;x
                  ^
hiker.c:5:18: note: each undeclared identifier is reported only once for each function it appears in
hiker.c:6:1: error: expected ';' before '}' token
 }
 ^
make: *** [run.tests] Error 1