Running main() from gmock_main.cc
[==========] Running 1 test from 1 test case.
[----------] Global test environment set-up.
[----------] 1 test from UntitledTest
[ RUN      ] UntitledTest.HitchHiker
untitled.tests.cpp:8: Failure
Value of: hhg()
  Actual: 42
Expected: 6 * 9
Which is: 54
[  FAILED  ] UntitledTest.HitchHiker (0 ms)
[----------] 1 test from UntitledTest (0 ms total)

[----------] Global test environment tear-down
[==========] 1 test from 1 test case ran. (0 ms total)
[  PASSED  ] 0 tests.
[  FAILED  ] 1 test, listed below:
[  FAILED  ] UntitledTest.HitchHiker

 1 FAILED TEST
make: *** [run.tests.output] Error 1