Running tests in ./test_hiker.sh
Running test_life_the_universe_and_everything... FAILURE
 expected [43] but was [42]
./test_hiker.sh:9:test_life_the_universe_and_everything()
Running test_life_the_universe_and_everything_2... FAILURE
 expected [43] but was [42]
./test_hiker.sh:16:test_life_the_universe_and_everything_2()
