Test Suite 'All tests' started at 23:21:03.829
Test Suite 'sandbox.xctest' started at 23:21:03.835
Test Suite 'CalculatorTests' started at 23:21:03.835
Test Case 'CalculatorTests.testAddCheck' started at 23:21:03.835
hikertests.swift:12: error: CalculatorTests.testAddCheck : XCTAssertEqual failed: ("Optional(0)") is not equal to ("Optional(2)") -
Test Case 'CalculatorTests.testAddCheck' failed (0.0 seconds).
Test Case 'CalculatorTests.testSubCheck' started at 23:21:03.835
hikertests.swift:16: error: CalculatorTests.testSubCheck : XCTAssertEqual failed: ("Optional(2)") is not equal to ("Optional(0)") -
Test Case 'CalculatorTests.testSubCheck' failed (0.0 seconds).
Test Suite 'CalculatorTests' failed at 23:21:03.835
	 Executed 2 tests, with 2 failures (0 unexpected) in 0.0 (0.0) seconds
Test Suite 'sandbox.xctest' failed at 23:21:03.835
	 Executed 2 tests, with 2 failures (0 unexpected) in 0.0 (0.0) seconds
Test Suite 'All tests' failed at 23:21:03.835
	 Executed 2 tests, with 2 failures (0 unexpected) in 0.0 (0.0) seconds
