TEST_Untitled_Create_Test::testBody()':
UntitledTest.cpp:25:24: error: 'ssss' was not declared in this scope
     FAIL("Start here");ssss
                        ^
compilation terminated due to -Wfatal-errors.
make: *** [objs/UntitledTest.o] Error 1       