Running 1 test case...
hiker.tests.cpp(7): fatal error: in "Life_the_universe_and_everything": critical check 42 == answer() has failed [42 != 54]
â€‰
*** 1 failure is detected in the test module "HikerTest"
make: *** [test.output] Error 201
