JUnit version 4.10
.E
Time: 0.37
There was 1 failure:
1) It must be forty two(UntitledSpec)
groovy.lang.MissingPropertyException: No such property: sss for class: UntitledSpec
Possible solutions: class
	at UntitledSpec.It must be forty two(UntitledSpec.groovy:5)

FAILURES!!!
Tests run: 1,  Failures: 1