Running tests in ./test_hiker.sh
Running test_life_the_universe_and_everything... ./hiker.sh: line 5: 6 * 7sdsdsd: value too great for base (error token is "7sdsdsd")
FAILURE
 expected [43] but was []
./test_hiker.sh:9:test_life_the_universe_and_everything()
Running test_life_the_universe_and_everything_2... ./hiker.sh: line 5: 6 * 7sdsdsd: value too great for base (error token is "7sdsdsd")
FAILURE
 expected [43] but was []
./test_hiker.sh:16:test_life_the_universe_and_everything_2()
