Running tests in ./test_hiker.sh
./hiker.sh: line 3: syntax error near unexpected token `newline'
./hiker.sh: line 3: `function answer('
Running test_life_the_universe_and_everything... ./test_hiker.sh: line 8: answer: command not found
FAILURE
 expected [43] but was []
./test_hiker.sh:9:test_life_the_universe_and_everything()
Running test_life_the_universe_and_everything_2... ./test_hiker.sh: line 15: answer: command not found
FAILURE
 expected [43] but was []
./test_hiker.sh:16:test_life_the_universe_and_everything_2()
