running 1 test
test tests::life_the_universe_and_everything ... FAILED

failures:

---- tests::life_the_universe_and_everything stdout ----
	thread 'tests::life_the_universe_and_everything' panicked at 'assertion failed: `(left == right)` (left: `42`, right: `54`)', hiker.rs:12



failures:
    tests::life_the_universe_and_everything

test result: FAILED. 0 passed; 1 failed; 0 ignored; 0 measured

thread '<main>' panicked at 'Some tests failed', /home/rustbuild/src/rust-buildbot/slave/beta-dist-rustc-linux/build/src/libtest/lib.rs:259
