running 2 tests
test tests::life_the_universe_and_everything ... ok
test tests::life_the_universe_and_everything2 ... FAILED

failures:

---- tests::life_the_universe_and_everything2 stdout ----
	thread 'tests::life_the_universe_and_everything2' panicked at 'assertion failed: `(left == right)` (left: `421`, right: `42`)', hiker.rs:17



failures:
    tests::life_the_universe_and_everything2

test result: FAILED. 1 passed; 1 failed; 0 ignored; 0 measured

thread '<main>' panicked at 'Some tests failed', /home/rustbuild/src/rust-buildbot/slave/beta-dist-rustc-linux/build/src/libtest/lib.rs:259
