running 2 tests
test tests::life_the_universe_and_everything ... FAILED
test tests::life_the_universe_and_everything2 ... FAILED

failures:

---- tests::life_the_universe_and_everything stdout ----
	thread 'tests::life_the_universe_and_everything' panicked at 'assertion failed: `(left == right)` (left: `42`, right: `54`)', hiker.rs:12


---- tests::life_the_universe_and_everything2 stdout ----
	thread 'tests::life_the_universe_and_everything2' panicked at 'assertion failed: `(left == right)` (left: `42`, right: `54`)', hiker.rs:17



failures:
    tests::life_the_universe_and_everything
    tests::life_the_universe_and_everything2

test result: FAILED. 0 passed; 2 failed; 0 ignored; 0 measured

thread '<main>' panicked at 'Some tests failed', /home/rustbuild/src/rust-buildbot/slave/beta-dist-rustc-linux/build/src/libtest/lib.rs:259
