JUnit version 4.11
....EE
1 Scenarios (1 failed)
3 Steps (1 failed, 2 passed)
0m0.162s

java.lang.AssertionError: expected:<42> but was:<54>
	at org.junit.Assert.fail(Assert.java:88)
	at org.junit.Assert.failNotEquals(Assert.java:743)
	at org.junit.Assert.assertEquals(Assert.java:118)
	at org.junit.Assert.assertEquals(Assert.java:555)
	at org.junit.Assert.assertEquals(Assert.java:542)
	at HikerStepDef.theScoreIs(HikerStepDef.java:20)
	at ?.Then the score is 42(Hiker.feature:7)


Time: 0.313
There were 2 failures:
1) Then the score is 42(Scenario: last earthling playing scrabble in the past)
java.lang.AssertionError: expected:<42> but was:<54>
	at org.junit.Assert.fail(Assert.java:88)
	at org.junit.Assert.failNotEquals(Assert.java:743)
	at org.junit.Assert.assertEquals(Assert.java:118)
	at org.junit.Assert.assertEquals(Assert.java:555)
	at org.junit.Assert.assertEquals(Assert.java:542)
	at HikerStepDef.theScoreIs(HikerStepDef.java:20)
	at ?.Then the score is 42(Hiker.feature:7)
2) Scenario: last earthling playing scrabble in the past
java.lang.AssertionError: expected:<42> but was:<54>
	at org.junit.Assert.fail(Assert.java:88)
	at org.junit.Assert.failNotEquals(Assert.java:743)
	at org.junit.Assert.assertEquals(Assert.java:118)
	at org.junit.Assert.assertEquals(Assert.java:555)
	at org.junit.Assert.assertEquals(Assert.java:542)
	at HikerStepDef.theScoreIs(HikerStepDef.java:20)
	at ?.Then the score is 42(Hiker.feature:7)

FAILURES!!!
Tests run: 4,  Failures: 2