JUnit version 4.11-SNAPSHOT-20120416-1530
.E
Time: 0.008
There was 1 failure:
1) hitch_hiker(UntitledTest)
java.lang.AssertionError: expected:<54> but was:<42>
...

FAILURES!!!
Tests run: 1,  Failures: 1