JUnit version 4.11
.E
Time: 0.516
There was 1 failure:
1) isItFortyTwo(UntitledTest)
java.lang.AssertionError
	at org.junit.Assert.fail(Assert.java:86)

	at org.junit.runner.JUnitCore.main(JUnitCore.java:40)

FAILURES!!!
Tests run: 1,  Failures: 1