~~~~~~~~~~~~~~~~~~~~~~~~~~~~~~~~~~~~~~~~~~~~~~~~~~~~~~~~~~~~~~~~~~~~~~~~~~~~~~~
run.tests is a Catch v1.0 b39 host application.
Run with -? for options

-------------------------------------------------------------------------------
The answer to life the universe and everything
-------------------------------------------------------------------------------
untitled.tests.cpp:5
...............................................................................

untitled.tests.cpp:6: FAILED:
  REQUIRE( hhg() == 6*9 )
with expansion:
  42 == 54

-------------------------------------------------------------------------------
The answer to life the universe and everything2
-------------------------------------------------------------------------------
untitled.tests.cpp:9
...............................................................................

untitled.tests.cpp:10: FAILED:
  REQUIRE( hhg() == 6*9 )
with expansion:
  42 == 54

===============================================================================
2 test cases - both failed (2 assertions - both failed)