.F
======================================================================
FAIL: test_str2 (__main__.TestUntitled)
simple example to start you off
----------------------------------------------------------------------
Traceback (most recent call last):
  File "test_untitled.py", line 14, in test_str2
    self.assertEqual(6 * 9, obj.answer())
AssertionError: 54 != 42

----------------------------------------------------------------------
Ran 2 tests in 0.000s

FAILED (failures=1)